<?xml version="1.0" encoding="UTF-8"?>
<!-- Generated by org.testng.reporters.JUnitReportReporter -->
<testsuite hostname="DESKTOP-M0EFBNK" failures="0" tests="1" name="testNG.Practice.BasicPractice" time="0.022" errors="0" timestamp="2023-07-23T16:56:57 IST" skipped="0">
  <testcase classname="testNG.Practice.BasicPractice" name="createUserTest" time="0.022"/>
  <system-out/>
</testsuite> <!-- testNG.Practice.BasicPractice -->
