<?xml version="1.0" encoding="UTF-8"?>
<!-- Generated by org.testng.reporters.JUnitReportReporter -->
<testsuite hostname="DESKTOP-M0EFBNK" failures="0" tests="1" name="testNG.Practice.CreateMultipleOrgTest" time="0.000" errors="0" timestamp="2023-07-23T16:57:53 IST" skipped="1">
  <testcase classname="testNG.Practice.CreateMultipleOrgTest" name="createOrgTest" time="0.000">
    <skipped/>
  </testcase> <!-- createOrgTest -->
  <system-out/>
</testsuite> <!-- testNG.Practice.CreateMultipleOrgTest -->
