<?xml version="1.0" encoding="UTF-8"?>
<!-- Generated by org.testng.reporters.JUnitReportReporter -->
<testsuite hostname="DESKTOP-M0EFBNK" failures="0" tests="2" name="testNG.Practice.DataProviderPractice" time="0.023" errors="0" timestamp="2023-07-23T16:58:07 IST" skipped="0">
  <testcase classname="testNG.Practice.DataProviderPractice" name="addToCart" time="0.020"/>
  <system-out/>
  <testcase classname="testNG.Practice.DataProviderPractice" name="addToCart" time="0.003"/>
  <system-out/>
</testsuite> <!-- testNG.Practice.DataProviderPractice -->
