<?xml version="1.0" encoding="UTF-8"?>
<!-- Generated by org.testng.reporters.JUnitReportReporter -->
<testsuite hostname="DESKTOP-M0EFBNK" failures="0" tests="1" name="VtigerPractice.RetryAnalyserPractice" time="0.059" errors="0" timestamp="2023-04-05T12:09:25 IST" skipped="0">
  <testcase classname="VtigerPractice.RetryAnalyserPractice" name="sample" time="0.059"/>
  <system-out/>
</testsuite> <!-- VtigerPractice.RetryAnalyserPractice -->
